c:\git\ocrtesseractvc\ocrtesseractvc\opencv_morphology_2\debug\vc142.pdb
c:\git\ocrtesseractvc\ocrtesseractvc\opencv_morphology_2\debug\vc142.idb
c:\git\ocrtesseractvc\ocrtesseractvc\opencv_morphology_2\debug\opencv_morphology_2.obj
c:\git\ocrtesseractvc\ocrtesseractvc\debug\opencv_morphology_2.ilk
c:\git\ocrtesseractvc\ocrtesseractvc\debug\opencv_morphology_2.exe
c:\git\ocrtesseractvc\ocrtesseractvc\debug\opencv_morphology_2.pdb
c:\git\ocrtesseractvc\ocrtesseractvc\opencv_morphology_2\debug\vcpkg.applocal.log
c:\git\ocrtesseractvc\ocrtesseractvc\debug\opencv_cored.dll
c:\git\ocrtesseractvc\ocrtesseractvc\debug\zlibd1.dll
c:\git\ocrtesseractvc\ocrtesseractvc\debug\opencv_highguid.dll
c:\git\ocrtesseractvc\ocrtesseractvc\debug\opencv_videoiod.dll
c:\git\ocrtesseractvc\ocrtesseractvc\debug\opencv_imgcodecsd.dll
c:\git\ocrtesseractvc\ocrtesseractvc\debug\opencv_imgprocd.dll
c:\git\ocrtesseractvc\ocrtesseractvc\debug\jpeg62.dll
c:\git\ocrtesseractvc\ocrtesseractvc\debug\webpd.dll
c:\git\ocrtesseractvc\ocrtesseractvc\debug\libpng16d.dll
c:\git\ocrtesseractvc\ocrtesseractvc\debug\tiffd.dll
c:\git\ocrtesseractvc\ocrtesseractvc\debug\lzmad.dll
c:\git\ocrtesseractvc\ocrtesseractvc\opencv_morphology_2\debug\opencv_m.b2442e71.tlog\cl.command.1.tlog
c:\git\ocrtesseractvc\ocrtesseractvc\opencv_morphology_2\debug\opencv_m.b2442e71.tlog\cl.read.1.tlog
c:\git\ocrtesseractvc\ocrtesseractvc\opencv_morphology_2\debug\opencv_m.b2442e71.tlog\cl.write.1.tlog
c:\git\ocrtesseractvc\ocrtesseractvc\opencv_morphology_2\debug\opencv_m.b2442e71.tlog\link.command.1.tlog
c:\git\ocrtesseractvc\ocrtesseractvc\opencv_morphology_2\debug\opencv_m.b2442e71.tlog\link.read.1.tlog
c:\git\ocrtesseractvc\ocrtesseractvc\opencv_morphology_2\debug\opencv_m.b2442e71.tlog\link.write.1.tlog
c:\git\ocrtesseractvc\ocrtesseractvc\opencv_morphology_2\debug\opencv_m.b2442e71.tlog\opencv_morphology_2.write.1u.tlog
