c:\git\ocrtesseractvc\ocrtesseractvc\opencv_process_image\debug\vc142.pdb
c:\git\ocrtesseractvc\ocrtesseractvc\opencv_process_image\debug\vc142.idb
c:\git\ocrtesseractvc\ocrtesseractvc\opencv_process_image\debug\opencv_process_image.obj
c:\git\ocrtesseractvc\ocrtesseractvc\debug\opencv_process_image.exe
c:\git\ocrtesseractvc\ocrtesseractvc\debug\opencv_process_image.ilk
c:\git\ocrtesseractvc\ocrtesseractvc\debug\opencv_process_image.pdb
c:\git\ocrtesseractvc\ocrtesseractvc\opencv_process_image\debug\vcpkg.applocal.log
c:\git\ocrtesseractvc\ocrtesseractvc\debug\opencv_cored.dll
c:\git\ocrtesseractvc\ocrtesseractvc\debug\zlibd1.dll
c:\git\ocrtesseractvc\ocrtesseractvc\debug\opencv_imgcodecsd.dll
c:\git\ocrtesseractvc\ocrtesseractvc\debug\opencv_imgprocd.dll
c:\git\ocrtesseractvc\ocrtesseractvc\debug\jpeg62.dll
c:\git\ocrtesseractvc\ocrtesseractvc\debug\webpd.dll
c:\git\ocrtesseractvc\ocrtesseractvc\debug\libpng16d.dll
c:\git\ocrtesseractvc\ocrtesseractvc\debug\tiffd.dll
c:\git\ocrtesseractvc\ocrtesseractvc\debug\lzmad.dll
c:\git\ocrtesseractvc\ocrtesseractvc\debug\opencv_highguid.dll
c:\git\ocrtesseractvc\ocrtesseractvc\debug\opencv_videoiod.dll
c:\git\ocrtesseractvc\ocrtesseractvc\opencv_process_image\debug\opencv_p.306a89c3.tlog\cl.command.1.tlog
c:\git\ocrtesseractvc\ocrtesseractvc\opencv_process_image\debug\opencv_p.306a89c3.tlog\cl.read.1.tlog
c:\git\ocrtesseractvc\ocrtesseractvc\opencv_process_image\debug\opencv_p.306a89c3.tlog\cl.write.1.tlog
c:\git\ocrtesseractvc\ocrtesseractvc\opencv_process_image\debug\opencv_p.306a89c3.tlog\link.command.1.tlog
c:\git\ocrtesseractvc\ocrtesseractvc\opencv_process_image\debug\opencv_p.306a89c3.tlog\link.read.1.tlog
c:\git\ocrtesseractvc\ocrtesseractvc\opencv_process_image\debug\opencv_p.306a89c3.tlog\link.write.1.tlog
c:\git\ocrtesseractvc\ocrtesseractvc\opencv_process_image\debug\opencv_p.306a89c3.tlog\opencv_process_image.write.1u.tlog
