c:\git\ocrtesseractvc\ocrtesseractvc\ocrtesseractvc\release\vc142.pdb
c:\git\ocrtesseractvc\ocrtesseractvc\ocrtesseractvc\release\ocrtesseractvc.obj
c:\git\ocrtesseractvc\ocrtesseractvc\release\ocrtesseractvc.exe
c:\git\ocrtesseractvc\ocrtesseractvc\release\ocrtesseractvc.pdb
c:\git\ocrtesseractvc\ocrtesseractvc\release\ocrtesseractvc.ipdb
c:\git\ocrtesseractvc\ocrtesseractvc\release\ocrtesseractvc.iobj
c:\git\ocrtesseractvc\ocrtesseractvc\ocrtesseractvc\release\vcpkg.applocal.log
c:\git\ocrtesseractvc\ocrtesseractvc\release\leptonica-1.78.0.dll
c:\git\ocrtesseractvc\ocrtesseractvc\release\jpeg62.dll
c:\git\ocrtesseractvc\ocrtesseractvc\release\libpng16.dll
c:\git\ocrtesseractvc\ocrtesseractvc\release\zlib1.dll
c:\git\ocrtesseractvc\ocrtesseractvc\release\tiff.dll
c:\git\ocrtesseractvc\ocrtesseractvc\release\lzma.dll
c:\git\ocrtesseractvc\ocrtesseractvc\release\webp.dll
c:\git\ocrtesseractvc\ocrtesseractvc\ocrtesseractvc\release\ocrtesseractvc.tlog\cl.command.1.tlog
c:\git\ocrtesseractvc\ocrtesseractvc\ocrtesseractvc\release\ocrtesseractvc.tlog\cl.read.1.tlog
c:\git\ocrtesseractvc\ocrtesseractvc\ocrtesseractvc\release\ocrtesseractvc.tlog\cl.write.1.tlog
c:\git\ocrtesseractvc\ocrtesseractvc\ocrtesseractvc\release\ocrtesseractvc.tlog\link.command.1.tlog
c:\git\ocrtesseractvc\ocrtesseractvc\ocrtesseractvc\release\ocrtesseractvc.tlog\link.read.1.tlog
c:\git\ocrtesseractvc\ocrtesseractvc\ocrtesseractvc\release\ocrtesseractvc.tlog\link.write.1.tlog
c:\git\ocrtesseractvc\ocrtesseractvc\ocrtesseractvc\release\ocrtesseractvc.tlog\ocrtesseractvc.write.1u.tlog
