  RobustTextDetection.cpp
C:\Git\OcrTesseractVC\OcrTesseractVC\RobustTextDetection\RobustTextDetection.cpp(34,23): warning C4018: '<': signed/unsigned mismatch
C:\Git\OcrTesseractVC\OcrTesseractVC\RobustTextDetection\RobustTextDetection.cpp(110,68): warning C4244: 'argument': conversion from 'int' to '_Tp', possible loss of data
          with
          [
              _Tp=float
          ]
C:\Git\OcrTesseractVC\OcrTesseractVC\RobustTextDetection\RobustTextDetection.cpp(111,54): warning C4244: 'argument': conversion from 'int' to '_Tp', possible loss of data
          with
          [
              _Tp=float
          ]
C:\Git\OcrTesseractVC\OcrTesseractVC\RobustTextDetection\RobustTextDetection.cpp(112,68): warning C4244: 'argument': conversion from 'int' to '_Tp', possible loss of data
          with
          [
              _Tp=float
          ]
C:\Git\OcrTesseractVC\OcrTesseractVC\RobustTextDetection\RobustTextDetection.cpp(113,54): warning C4244: 'argument': conversion from 'int' to '_Tp', possible loss of data
          with
          [
              _Tp=float
          ]
C:\Git\OcrTesseractVC\OcrTesseractVC\RobustTextDetection\RobustTextDetection.cpp(114,68): warning C4244: 'argument': conversion from 'int' to '_Tp', possible loss of data
          with
          [
              _Tp=float
          ]
C:\Git\OcrTesseractVC\OcrTesseractVC\RobustTextDetection\RobustTextDetection.cpp(115,54): warning C4244: 'argument': conversion from 'int' to '_Tp', possible loss of data
          with
          [
              _Tp=float
          ]
C:\Git\OcrTesseractVC\OcrTesseractVC\RobustTextDetection\RobustTextDetection.cpp(116,68): warning C4244: 'argument': conversion from 'int' to '_Tp', possible loss of data
          with
          [
              _Tp=float
          ]
C:\Git\OcrTesseractVC\OcrTesseractVC\RobustTextDetection\RobustTextDetection.cpp(117,54): warning C4244: 'argument': conversion from 'int' to '_Tp', possible loss of data
          with
          [
              _Tp=float
          ]
  RobustTextDetection.vcxproj -> C:\Git\OcrTesseractVC\OcrTesseractVC\Debug\RobustTextDetection.exe
