c:\git\ocrtesseractvc\ocrtesseractvc\detect_canny_edge_detector\debug\vcpkg.applocal.log
c:\git\ocrtesseractvc\ocrtesseractvc\debug\opencv_cored.dll
c:\git\ocrtesseractvc\ocrtesseractvc\debug\zlibd1.dll
c:\git\ocrtesseractvc\ocrtesseractvc\debug\opencv_highguid.dll
c:\git\ocrtesseractvc\ocrtesseractvc\debug\opencv_videoiod.dll
c:\git\ocrtesseractvc\ocrtesseractvc\debug\opencv_imgcodecsd.dll
c:\git\ocrtesseractvc\ocrtesseractvc\debug\opencv_imgprocd.dll
c:\git\ocrtesseractvc\ocrtesseractvc\debug\jpeg62.dll
c:\git\ocrtesseractvc\ocrtesseractvc\debug\webpd.dll
c:\git\ocrtesseractvc\ocrtesseractvc\debug\libpng16d.dll
c:\git\ocrtesseractvc\ocrtesseractvc\debug\tiffd.dll
c:\git\ocrtesseractvc\ocrtesseractvc\debug\lzmad.dll
c:\git\ocrtesseractvc\ocrtesseractvc\debug\detect_canny_edge_detector.exe
c:\git\ocrtesseractvc\ocrtesseractvc\debug\detect_canny_edge_detector.ilk
c:\git\ocrtesseractvc\ocrtesseractvc\debug\detect_canny_edge_detector.pdb
c:\git\ocrtesseractvc\ocrtesseractvc\detect_canny_edge_detector\debug\vc142.idb
c:\git\ocrtesseractvc\ocrtesseractvc\detect_canny_edge_detector\debug\vc142.pdb
c:\git\ocrtesseractvc\ocrtesseractvc\detect_canny_edge_detector\debug\detect_c.89e59994.tlog\cl.command.1.tlog
c:\git\ocrtesseractvc\ocrtesseractvc\detect_canny_edge_detector\debug\detect_c.89e59994.tlog\detect_canny_edge_detector.write.1u.tlog
c:\git\ocrtesseractvc\ocrtesseractvc\detect_canny_edge_detector\debug\detect_c.89e59994.tlog\link.command.1.tlog
c:\git\ocrtesseractvc\ocrtesseractvc\detect_canny_edge_detector\debug\detect_c.89e59994.tlog\link.read.1.tlog
c:\git\ocrtesseractvc\ocrtesseractvc\detect_canny_edge_detector\debug\detect_c.89e59994.tlog\link.write.1.tlog
